<?xml version="1.0" encoding="UTF-8"?>
<testng-results ignored="0" total="4" passed="4" failed="0" skipped="0">
  <reporter-output>
  </reporter-output>
  <suite started-at="2026-03-05T16:24:25 IST" name="Default suite" finished-at="2026-03-05T16:24:40 IST" duration-ms="15354">
    <groups>
      <group name="cucumber">
        <method signature="AbstractTestNGCucumberTests.runScenario(io.cucumber.testng.PickleWrapper,io.cucumber.testng.FeatureWrapper)[pri:0, instance:w3Runners.articleCRUDrunner@4009e306]" name="runScenario" class="io.cucumber.testng.AbstractTestNGCucumberTests"/>
      </group> <!-- cucumber -->
    </groups>
    <test started-at="2026-03-05T16:24:25 IST" name="Default test" finished-at="2026-03-05T16:24:40 IST" duration-ms="15354">
      <class name="w3Runners.articleCRUDrunner">
        <test-method is-config="true" signature="setUpClass(org.testng.ITestContext)[pri:0, instance:w3Runners.articleCRUDrunner@4009e306]" started-at="2026-03-05T16:24:25 IST" name="setUpClass" finished-at="2026-03-05T16:24:31 IST" duration-ms="5937" status="PASS">
          <params>
            <param index="0">
              <value>
                <![CDATA[org.testng.TestRunner@4d09cade]]>
              </value>
            </param>
          </params>
          <reporter-output>
          </reporter-output>
        </test-method> <!-- setUpClass -->
        <test-method signature="runScenario(io.cucumber.testng.PickleWrapper,io.cucumber.testng.FeatureWrapper)[pri:0, instance:w3Runners.articleCRUDrunner@4009e306]" started-at="2026-03-05T16:24:31 IST" name="runScenario" description="Runs Cucumber Scenarios" data-provider="scenarios" finished-at="2026-03-05T16:24:34 IST" duration-ms="3165" status="PASS">
          <params>
            <param index="0">
              <value>
                <![CDATA["User Login"]]>
              </value>
            </param>
            <param index="1">
              <value>
                <![CDATA["Article Place Order"]]>
              </value>
            </param>
          </params>
          <reporter-output>
          </reporter-output>
        </test-method> <!-- runScenario -->
        <test-method signature="runScenario(io.cucumber.testng.PickleWrapper,io.cucumber.testng.FeatureWrapper)[pri:0, instance:w3Runners.articleCRUDrunner@4009e306]" started-at="2026-03-05T16:24:34 IST" name="runScenario" description="Runs Cucumber Scenarios" data-provider="scenarios" finished-at="2026-03-05T16:24:36 IST" duration-ms="2184" status="PASS">
          <params>
            <param index="0">
              <value>
                <![CDATA["Create an Article"]]>
              </value>
            </param>
            <param index="1">
              <value>
                <![CDATA["Article Place Order"]]>
              </value>
            </param>
          </params>
          <reporter-output>
          </reporter-output>
        </test-method> <!-- runScenario -->
        <test-method signature="runScenario(io.cucumber.testng.PickleWrapper,io.cucumber.testng.FeatureWrapper)[pri:0, instance:w3Runners.articleCRUDrunner@4009e306]" started-at="2026-03-05T16:24:36 IST" name="runScenario" description="Runs Cucumber Scenarios" data-provider="scenarios" finished-at="2026-03-05T16:24:38 IST" duration-ms="1667" status="PASS">
          <params>
            <param index="0">
              <value>
                <![CDATA["Update an Article"]]>
              </value>
            </param>
            <param index="1">
              <value>
                <![CDATA["Article Place Order"]]>
              </value>
            </param>
          </params>
          <reporter-output>
          </reporter-output>
        </test-method> <!-- runScenario -->
        <test-method signature="runScenario(io.cucumber.testng.PickleWrapper,io.cucumber.testng.FeatureWrapper)[pri:0, instance:w3Runners.articleCRUDrunner@4009e306]" started-at="2026-03-05T16:24:38 IST" name="runScenario" description="Runs Cucumber Scenarios" data-provider="scenarios" finished-at="2026-03-05T16:24:39 IST" duration-ms="1222" status="PASS">
          <params>
            <param index="0">
              <value>
                <![CDATA["Delete an Article"]]>
              </value>
            </param>
            <param index="1">
              <value>
                <![CDATA["Article Place Order"]]>
              </value>
            </param>
          </params>
          <reporter-output>
          </reporter-output>
        </test-method> <!-- runScenario -->
        <test-method is-config="true" signature="tearDownClass()[pri:0, instance:w3Runners.articleCRUDrunner@4009e306]" started-at="2026-03-05T16:24:39 IST" name="tearDownClass" finished-at="2026-03-05T16:24:40 IST" duration-ms="1059" status="PASS">
          <reporter-output>
          </reporter-output>
        </test-method> <!-- tearDownClass -->
      </class> <!-- w3Runners.articleCRUDrunner -->
    </test> <!-- Default test -->
  </suite> <!-- Default suite -->
</testng-results>
