<?xml version="1.0" encoding="UTF-8"?>
<!-- Generated by org.testng.reporters.JUnitReportReporter -->
<testsuite hostname="SL2" failures="0" tests="4" name="w3Runners.articleCRUDrunner" time="8.238" errors="0" timestamp="2026-03-05T16:24:40 IST" skipped="0">
  <testcase classname="w3Runners.articleCRUDrunner" name="runScenario" time="1.222"/>
  <testcase classname="w3Runners.articleCRUDrunner" name="runScenario" time="1.667"/>
  <testcase classname="w3Runners.articleCRUDrunner" name="runScenario" time="2.184"/>
  <testcase classname="w3Runners.articleCRUDrunner" name="runScenario" time="3.165"/>
</testsuite> <!-- w3Runners.articleCRUDrunner -->
